TN:
SF:src\cache\index.ts
FNF:15
FNH:9
DA:1,38
DA:2,36
DA:3,36
DA:5,55
DA:8,29
DA:10,35
DA:11,41
DA:12,26
DA:13,0
DA:15,0
DA:16,0
DA:17,0
DA:19,2
DA:22,33
DA:23,30
DA:24,6
DA:25,0
DA:27,0
DA:28,0
DA:29,2
DA:32,30
DA:33,9
DA:34,24
DA:35,36
DA:36,155
DA:43,6
DA:44,81
DA:45,9
DA:46,0
DA:47,2
DA:51,0
DA:52,0
DA:53,0
DA:54,2
DA:57,25
DA:59,35
DA:60,45
DA:61,63
DA:62,60
DA:63,78
DA:64,81
DA:65,102
DA:68,2
DA:69,2
DA:71,16
DA:72,19
DA:73,0
DA:74,0
DA:75,0
DA:76,0
DA:77,0
DA:78,0
DA:79,0
DA:80,0
DA:81,0
DA:82,0
DA:83,0
DA:84,0
DA:85,0
DA:86,0
DA:87,0
DA:88,0
DA:89,0
DA:90,0
DA:91,0
DA:92,0
DA:93,0
DA:94,2
DA:98,16
DA:99,0
DA:100,0
DA:101,0
DA:102,0
DA:103,0
DA:104,0
DA:105,0
DA:106,0
DA:107,0
DA:108,0
DA:109,0
DA:110,0
DA:111,2
DA:115,46
DA:116,9
DA:117,34
DA:118,34
DA:119,37
DA:120,36
DA:121,36
DA:122,37
DA:123,13
DA:124,0
DA:125,3
DA:129,42
DA:130,47
DA:131,38
DA:132,42
DA:134,40
DA:135,24
DA:136,5
DA:138,12
DA:139,11
DA:140,39
DA:141,12
DA:142,35
DA:143,37
DA:144,3
DA:147,22
LF:108
LH:63
end_of_record
TN:
SF:src\config\index.ts
FNF:8
FNH:1
DA:3,37
DA:4,30
DA:5,43
DA:6,47
DA:7,41
DA:8,47
DA:9,0
DA:10,0
DA:11,0
DA:12,0
DA:13,0
DA:14,0
DA:15,0
DA:16,0
DA:17,0
DA:18,0
DA:19,0
DA:20,0
DA:21,0
DA:22,0
DA:23,0
DA:24,0
DA:25,0
DA:26,0
DA:27,0
DA:28,0
DA:29,0
DA:30,0
DA:31,0
DA:32,0
DA:33,0
DA:34,0
DA:35,0
DA:36,0
DA:37,0
DA:38,0
DA:39,0
DA:40,0
DA:41,0
DA:42,0
DA:43,0
DA:44,0
DA:45,0
DA:46,0
DA:47,0
DA:48,0
DA:49,0
DA:50,0
DA:51,0
DA:52,0
DA:53,0
DA:54,0
DA:55,0
DA:56,0
DA:57,0
DA:58,0
DA:59,0
DA:60,0
DA:61,0
DA:62,0
DA:63,0
DA:64,0
DA:65,0
DA:66,0
DA:67,0
DA:68,0
DA:69,0
DA:70,0
DA:71,0
DA:72,0
DA:74,2
DA:76,0
DA:77,0
DA:78,0
DA:79,0
DA:81,2
DA:83,0
DA:84,0
DA:85,0
DA:86,0
DA:87,0
DA:88,0
DA:89,0
DA:90,0
DA:91,0
DA:92,0
DA:93,0
DA:94,2
DA:96,82
LF:89
LH:10
end_of_record
TN:
SF:src\docs\classifier\normalize.ts
FNF:4
FNH:0
DA:1,38
DA:2,34
DA:4,0
DA:5,2
DA:7,0
DA:8,0
DA:9,0
DA:10,0
DA:11,0
DA:12,0
DA:13,0
DA:14,0
DA:15,0
DA:16,2
DA:19,0
DA:20,0
DA:21,0
DA:22,2
DA:24,0
DA:25,0
DA:26,0
DA:27,0
DA:28,0
DA:29,2
DA:32,79
LF:25
LH:7
end_of_record
TN:
SF:src\docs\classifier\rank.ts
FNF:5
FNH:0
DA:1,40
DA:4,26
DA:5,27
DA:6,27
DA:7,27
DA:8,28
DA:9,25
DA:11,24
DA:13,23
DA:15,0
DA:16,0
DA:17,0
DA:18,0
DA:19,0
DA:20,0
DA:21,0
DA:22,0
DA:23,0
DA:24,0
DA:25,0
DA:26,0
DA:27,0
DA:28,0
DA:29,0
DA:30,2
DA:34,0
DA:35,0
DA:36,0
DA:37,0
DA:38,0
DA:39,0
DA:40,2
DA:42,0
DA:43,0
DA:44,0
DA:45,0
DA:46,0
DA:47,0
DA:48,0
DA:49,2
DA:51,35
LF:41
LH:13
end_of_record
TN:
SF:src\docs\classifier\score.ts
FNF:3
FNH:0
DA:1,105
DA:9,21
DA:11,19
DA:21,0
DA:22,0
DA:23,0
DA:24,0
DA:25,0
DA:26,0
DA:27,0
DA:28,0
DA:29,0
DA:30,0
DA:31,0
DA:32,0
DA:33,0
DA:34,0
DA:35,0
DA:36,0
DA:37,0
DA:38,0
DA:39,0
DA:40,0
DA:41,0
DA:42,0
DA:43,0
DA:44,2
DA:47,0
DA:48,0
DA:49,0
DA:50,0
DA:51,0
DA:52,0
DA:53,0
DA:54,0
DA:55,0
DA:56,0
DA:57,0
DA:58,0
DA:59,0
DA:60,0
DA:61,0
DA:62,0
DA:63,0
DA:64,0
DA:65,0
DA:66,0
DA:67,0
DA:68,0
DA:69,0
DA:70,0
DA:71,0
DA:72,0
DA:73,0
DA:74,0
DA:75,0
DA:76,2
DA:79,21
LF:58
LH:6
end_of_record
TN:
SF:src\docs\index.ts
FNF:4
FNH:2
DA:1,48
DA:3,80
DA:6,39
DA:7,78
DA:9,0
DA:10,0
DA:11,0
DA:12,0
DA:13,0
DA:14,0
DA:15,0
DA:16,3
DA:19,12
DA:20,16
DA:21,29
DA:22,6
DA:23,3
DA:26,28
LF:18
LH:11
end_of_record
TN:
SF:src\docs\parse.ts
FNF:2
FNH:0
DA:1,66
DA:4,37
DA:6,0
DA:7,0
DA:8,0
DA:9,0
DA:10,0
DA:11,0
DA:12,0
DA:13,0
DA:14,0
DA:15,0
DA:16,0
DA:17,0
DA:18,0
DA:19,0
DA:20,2
DA:24,0
DA:25,0
DA:26,0
DA:27,0
DA:28,0
DA:29,0
DA:30,0
DA:31,0
DA:32,0
DA:33,0
DA:34,0
DA:35,0
DA:36,0
DA:37,0
DA:38,0
DA:39,0
DA:40,0
DA:41,0
DA:42,0
DA:43,2
DA:47,36
LF:38
LH:5
end_of_record
TN:
SF:src\docs\shared.ts
FNF:5
FNH:0
DA:2,49
DA:6,22
DA:7,37
DA:8,32
DA:9,25
DA:10,23
DA:11,15
DA:12,31
DA:13,29
DA:14,23
DA:15,25
DA:16,21
DA:17,17
DA:18,19
DA:19,25
DA:20,35
DA:21,29
DA:22,19
DA:23,19
DA:24,31
DA:25,17
DA:26,29
DA:27,27
DA:28,17
DA:29,13
DA:30,19
DA:31,2
DA:33,27
DA:34,29
DA:35,27
DA:36,23
DA:37,15
DA:38,31
DA:39,29
DA:40,23
DA:41,15
DA:42,17
DA:43,19
DA:44,25
DA:45,19
DA:46,19
DA:47,31
DA:48,17
DA:49,29
DA:50,27
DA:51,17
DA:52,13
DA:53,19
DA:54,2
DA:59,16
DA:61,20
DA:63,0
DA:64,0
DA:65,0
DA:66,0
DA:67,0
DA:68,0
DA:69,0
DA:70,0
DA:71,0
DA:72,0
DA:73,2
DA:76,0
DA:77,0
DA:78,0
DA:79,0
DA:80,0
DA:81,2
DA:84,0
DA:85,0
DA:86,0
DA:87,0
DA:88,0
DA:89,0
DA:90,0
DA:91,0
DA:92,0
DA:93,0
DA:94,0
DA:95,0
DA:96,0
DA:97,0
DA:98,0
DA:99,0
DA:100,0
DA:101,0
DA:102,0
DA:103,0
DA:104,0
DA:105,0
DA:106,2
DA:110,90
LF:92
LH:55
end_of_record
TN:
SF:src\docs\store.ts
FNF:4
FNH:0
DA:3,78
DA:4,44
DA:5,42
DA:8,27
DA:10,0
DA:11,0
DA:12,0
DA:13,0
DA:14,0
DA:15,0
DA:16,0
DA:17,0
DA:18,0
DA:19,0
DA:20,0
DA:21,2
DA:24,0
DA:25,0
DA:26,0
DA:27,0
DA:28,0
DA:29,0
DA:30,0
DA:31,0
DA:32,0
DA:33,0
DA:34,0
DA:35,0
DA:36,0
DA:37,0
DA:38,0
DA:39,0
DA:40,0
DA:41,0
DA:42,0
DA:43,0
DA:44,2
DA:48,0
DA:49,0
DA:50,0
DA:51,0
DA:52,0
DA:53,0
DA:54,0
DA:55,0
DA:56,0
DA:57,2
DA:60,0
DA:61,0
DA:62,0
DA:63,0
DA:64,0
DA:65,0
DA:66,0
DA:67,0
DA:68,0
DA:69,0
DA:70,0
DA:71,0
DA:72,0
DA:73,0
DA:74,0
DA:75,0
DA:76,0
DA:77,0
DA:78,0
DA:79,2
DA:82,61
LF:68
LH:9
end_of_record
TN:
SF:src\errors.ts
FNF:25
FNH:8
DA:8,72
DA:10,184
DA:12,57
DA:13,65
DA:14,27
DA:15,3
DA:17,74
DA:20,0
DA:21,0
DA:22,0
DA:23,0
DA:24,0
DA:25,42
DA:28,74
DA:29,20
DA:30,23
DA:32,59
DA:33,38
DA:34,54
DA:35,64
DA:36,59
DA:38,2
DA:40,91
DA:41,0
DA:42,0
DA:43,0
DA:44,0
DA:45,8
DA:47,2
DA:49,87
DA:50,0
DA:51,0
DA:52,0
DA:53,0
DA:54,0
DA:55,0
DA:56,0
DA:57,0
DA:58,0
DA:59,0
DA:60,0
DA:61,7
DA:63,2
DA:65,99
DA:66,0
DA:67,0
DA:68,0
DA:69,0
DA:70,0
DA:71,0
DA:72,0
DA:73,7
DA:75,2
DA:77,87
DA:78,0
DA:79,0
DA:80,0
DA:81,0
DA:82,8
DA:84,2
DA:86,99
DA:87,0
DA:88,0
DA:89,0
DA:90,0
DA:91,0
DA:92,8
DA:94,2
DA:96,83
DA:97,0
DA:98,0
DA:99,0
DA:100,0
DA:101,8
DA:103,2
DA:105,97
DA:106,0
DA:107,0
DA:108,0
DA:109,8
DA:111,2
DA:113,97
DA:114,0
DA:115,0
DA:116,0
DA:117,0
DA:118,8
DA:120,2
DA:122,87
DA:123,49
DA:124,72
DA:125,110
DA:126,60
DA:127,62
DA:128,16
DA:129,13
DA:131,2
DA:133,89
DA:134,49
DA:135,72
DA:136,110
DA:137,60
DA:138,62
DA:139,16
DA:140,13
DA:142,2
DA:147,64
DA:149,0
DA:150,55
DA:152,57
DA:153,113
DA:155,43
DA:156,0
DA:157,0
DA:158,0
DA:159,0
DA:160,0
DA:161,0
DA:162,0
DA:163,0
DA:164,0
DA:165,0
DA:166,0
DA:167,94
DA:170,55
DA:171,75
DA:172,17
DA:173,5
DA:175,82
DA:178,0
DA:179,0
DA:180,0
DA:181,0
DA:182,0
DA:183,88
DA:185,4
DA:187,0
DA:188,35
DA:190,0
DA:191,35
DA:193,0
DA:194,39
DA:196,615
LF:143
LH:76
end_of_record
TN:
SF:src\meta.ts
FNF:1
FNH:1
DA:1,30
DA:2,40
DA:6,58
DA:8,37
DA:9,48
DA:10,2
DA:11,51
DA:13,67
LF:8
LH:8
end_of_record
TN:
SF:src\prompts\crate\docs\handler.ts
FNF:2
FNH:1
DA:1,90
DA:5,0
DA:6,0
DA:7,0
DA:8,0
DA:9,0
DA:10,0
DA:11,0
DA:12,0
DA:13,0
DA:14,2
DA:17,39
LF:12
LH:3
end_of_record
TN:
SF:src\prompts\crate\docs\schema.ts
FNF:1
FNH:1
DA:1,24
DA:5,45
DA:6,81
DA:7,60
DA:8,76
DA:9,3
DA:11,26
DA:12,46
DA:13,66
DA:14,19
DA:15,2
DA:17,53
LF:12
LH:12
end_of_record
TN:
SF:src\prompts\crate\find\handler.ts
FNF:2
FNH:1
DA:1,53
DA:5,0
DA:6,0
DA:7,0
DA:8,0
DA:9,0
DA:10,0
DA:11,0
DA:12,0
DA:13,0
DA:14,2
DA:17,39
LF:12
LH:3
end_of_record
TN:
SF:src\prompts\crate\find\schema.ts
FNF:1
FNH:1
DA:1,24
DA:5,45
DA:6,79
DA:7,70
DA:8,3
DA:10,26
DA:11,46
DA:12,56
DA:13,19
DA:14,2
DA:16,53
LF:11
LH:11
end_of_record
TN:
SF:src\prompts\crate\lookup\handler.ts
FNF:2
FNH:1
DA:1,90
DA:5,0
DA:6,0
DA:7,0
DA:8,0
DA:9,0
DA:10,0
DA:11,0
DA:12,0
DA:13,0
DA:14,2
DA:17,41
LF:12
LH:3
end_of_record
TN:
SF:src\prompts\crate\lookup\schema.ts
FNF:1
FNH:1
DA:1,24
DA:5,47
DA:6,81
DA:7,60
DA:8,76
DA:9,3
DA:11,28
DA:12,48
DA:13,85
DA:14,21
DA:15,2
DA:17,57
LF:12
LH:12
end_of_record
TN:
SF:src\prompts\register.ts
FNF:1
FNH:1
DA:2,71
DA:3,57
DA:4,71
DA:5,57
DA:6,75
DA:7,61
DA:8,73
DA:9,59
DA:10,77
DA:11,63
DA:13,37
DA:14,22
DA:15,24
DA:16,5
DA:17,45
DA:18,44
DA:19,3
DA:20,32
DA:21,4
DA:23,22
DA:24,25
DA:25,5
DA:26,46
DA:27,45
DA:28,3
DA:29,33
DA:30,4
DA:32,22
DA:33,22
DA:34,5
DA:35,43
DA:36,42
DA:37,3
DA:38,30
DA:39,4
DA:41,22
DA:42,23
DA:43,5
DA:44,44
DA:45,43
DA:46,3
DA:47,31
DA:48,4
DA:50,22
DA:51,22
DA:52,5
DA:53,43
DA:54,42
DA:55,3
DA:56,30
DA:57,5
DA:60,26
LF:52
LH:52
end_of_record
TN:
SF:src\prompts\shared.ts
FNF:3
FNH:0
DA:3,0
DA:4,0
DA:5,0
DA:6,0
DA:7,0
DA:8,0
DA:9,0
DA:10,0
DA:11,0
DA:13,2
DA:15,25
DA:17,26
DA:19,66
LF:13
LH:4
end_of_record
TN:
SF:src\prompts\symbol\docs\handler.ts
FNF:2
FNH:1
DA:1,90
DA:5,0
DA:6,0
DA:7,0
DA:8,0
DA:9,0
DA:10,0
DA:11,0
DA:12,0
DA:13,0
DA:14,0
DA:15,0
DA:16,0
DA:17,0
DA:18,0
DA:19,0
DA:20,0
DA:21,0
DA:22,0
DA:23,0
DA:24,0
DA:25,0
DA:26,0
DA:27,0
DA:28,0
DA:29,2
DA:32,40
LF:27
LH:3
end_of_record
TN:
SF:src\prompts\symbol\docs\schema.ts
FNF:1
FNH:1
DA:1,24
DA:5,46
DA:6,70
DA:7,14
DA:8,9
DA:9,11
DA:10,76
DA:11,14
DA:12,9
DA:13,11
DA:14,80
DA:15,60
DA:16,76
DA:17,3
DA:19,27
DA:20,47
DA:21,72
DA:22,20
DA:23,2
DA:25,55
LF:20
LH:20
end_of_record
TN:
SF:src\prompts\symbol\lookup\handler.ts
FNF:2
FNH:1
DA:1,90
DA:5,0
DA:6,0
DA:7,0
DA:8,0
DA:9,0
DA:10,0
DA:11,0
DA:12,0
DA:13,0
DA:14,0
DA:15,0
DA:16,0
DA:17,0
DA:18,0
DA:19,0
DA:20,0
DA:21,0
DA:22,0
DA:23,0
DA:24,0
DA:25,0
DA:26,0
DA:27,0
DA:28,0
DA:29,2
DA:32,42
LF:27
LH:3
end_of_record
TN:
SF:src\prompts\symbol\lookup\schema.ts
FNF:1
FNH:1
DA:1,24
DA:5,48
DA:6,70
DA:7,14
DA:8,9
DA:9,11
DA:10,76
DA:11,14
DA:12,9
DA:13,11
DA:14,80
DA:15,60
DA:16,76
DA:17,3
DA:19,29
DA:20,49
DA:21,61
DA:22,22
DA:23,2
DA:25,59
LF:20
LH:20
end_of_record
TN:
SF:src\server\server.ts
FNF:8
FNH:6
DA:1,60
DA:3,62
DA:4,91
DA:5,60
DA:6,66
DA:7,62
DA:8,68
DA:9,81
DA:10,37
DA:13,19
DA:14,8
DA:15,9
DA:18,9
DA:21,3
DA:22,19
DA:23,0
DA:24,2
DA:26,24
DA:27,9
DA:28,23
DA:29,0
DA:30,2
DA:32,18
DA:34,27
DA:37,0
DA:38,0
DA:39,0
DA:40,0
DA:41,0
DA:42,0
DA:43,2
DA:46,44
DA:47,44
DA:48,34
DA:49,19
DA:50,22
DA:51,5
DA:52,44
DA:53,19
DA:54,17
DA:55,4
DA:57,33
DA:58,26
DA:60,12
DA:61,12
DA:62,8
DA:63,41
DA:64,54
DA:65,5
DA:66,11
DA:67,11
DA:68,0
DA:69,0
DA:70,0
DA:72,2
DA:73,3
DA:76,49
LF:57
LH:46
end_of_record
TN:
SF:src\tools\crate\docs\handler.ts
FNF:2
FNH:1
DA:1,56
DA:3,86
DA:7,29
DA:8,12
DA:9,0
DA:10,0
DA:11,0
DA:12,0
DA:13,0
DA:14,0
DA:15,2
DA:19,33
LF:12
LH:6
end_of_record
TN:
SF:src\tools\crate\docs\schema.ts
FNF:1
FNH:1
DA:1,24
DA:5,40
DA:6,87
DA:7,79
DA:8,96
DA:9,11
DA:10,9
DA:11,11
DA:12,74
DA:13,3
DA:15,24
DA:16,18
DA:17,25
DA:18,24
DA:19,23
DA:20,33
DA:21,4
DA:22,68
DA:23,36
DA:24,19
DA:25,2
DA:27,46
LF:22
LH:22
end_of_record
TN:
SF:src\tools\crate\find\handler.ts
FNF:4
FNH:1
DA:2,92
DA:4,48
DA:5,49
DA:8,0
DA:9,0
DA:10,0
DA:11,0
DA:12,0
DA:13,0
DA:14,0
DA:15,0
DA:16,0
DA:17,0
DA:19,2
DA:21,0
DA:22,0
DA:23,0
DA:24,2
DA:26,0
DA:27,0
DA:28,0
DA:29,0
DA:30,0
DA:31,0
DA:32,0
DA:33,0
DA:34,0
DA:35,0
DA:36,0
DA:37,2
DA:41,33
LF:31
LH:7
end_of_record
TN:
SF:src\tools\crate\find\schema.ts
FNF:1
FNH:1
DA:1,24
DA:5,30
DA:7,40
DA:8,9
DA:9,9
DA:10,11
DA:11,28
DA:12,50
DA:13,86
DA:14,3
DA:16,41
DA:17,16
DA:18,14
DA:19,37
DA:20,39
DA:21,41
DA:22,26
DA:23,36
DA:24,27
DA:25,21
DA:26,32
DA:27,38
DA:28,34
DA:29,2
DA:30,4
DA:31,20
DA:32,23
DA:33,18
DA:34,3
DA:36,24
DA:37,18
DA:38,25
DA:39,24
DA:40,23
DA:41,27
DA:42,4
DA:43,90
DA:44,36
DA:45,21
DA:46,36
DA:47,2
DA:49,89
LF:42
LH:42
end_of_record
TN:
SF:src\tools\crate\lookup\handler.ts
FNF:2
FNH:1
DA:2,92
DA:4,49
DA:5,41
DA:8,31
DA:9,12
DA:10,0
DA:11,0
DA:12,0
DA:13,0
DA:14,0
DA:15,0
DA:16,0
DA:17,0
DA:18,0
DA:19,0
DA:20,0
DA:21,0
DA:22,0
DA:23,0
DA:24,0
DA:25,0
DA:26,2
DA:30,35
LF:23
LH:7
end_of_record
TN:
SF:src\tools\crate\lookup\logic.ts
FNF:7
FNH:0
DA:2,112
DA:11,31
DA:12,29
DA:13,30
DA:14,11
DA:15,11
DA:16,9
DA:17,10
DA:18,13
DA:19,10
DA:20,19
DA:21,16
DA:22,14
DA:23,13
DA:24,11
DA:25,10
DA:26,12
DA:27,15
DA:28,16
DA:29,15
DA:30,16
DA:31,17
DA:32,8
DA:33,9
DA:34,17
DA:35,16
DA:36,14
DA:37,10
DA:38,2
DA:40,0
DA:41,0
DA:42,0
DA:43,0
DA:44,0
DA:45,0
DA:46,2
DA:49,0
DA:50,0
DA:51,0
DA:52,0
DA:53,0
DA:54,0
DA:55,0
DA:56,0
DA:57,2
DA:60,0
DA:61,0
DA:62,0
DA:63,0
DA:64,0
DA:65,0
DA:66,0
DA:67,0
DA:68,0
DA:69,0
DA:70,2
DA:73,0
DA:74,0
DA:75,0
DA:76,0
DA:77,0
DA:78,0
DA:79,0
DA:80,0
DA:81,0
DA:82,0
DA:83,2
DA:86,0
DA:87,0
DA:88,0
DA:90,2
DA:92,0
DA:93,0
DA:94,0
DA:95,0
DA:96,0
DA:97,0
DA:98,0
DA:99,0
DA:100,0
DA:101,0
DA:102,0
DA:103,0
DA:104,0
DA:105,0
DA:106,0
DA:107,0
DA:108,0
DA:109,0
DA:110,0
DA:111,0
DA:112,0
DA:113,0
DA:114,0
DA:115,0
DA:116,0
DA:117,0
DA:118,0
DA:119,0
DA:120,0
DA:121,0
DA:122,0
DA:123,0
DA:124,0
DA:125,0
DA:126,0
DA:127,0
DA:128,0
DA:129,0
DA:130,2
DA:133,0
DA:134,0
DA:135,0
DA:136,0
DA:137,0
DA:138,0
DA:139,0
DA:140,0
DA:141,0
DA:142,0
DA:143,0
DA:144,0
DA:145,2
DA:148,22
LF:124
LH:37
end_of_record
TN:
SF:src\tools\crate\lookup\schema.ts
FNF:1
FNH:1
DA:1,24
DA:5,42
DA:6,87
DA:7,79
DA:8,96
DA:9,11
DA:10,9
DA:11,11
DA:12,74
DA:13,3
DA:15,43
DA:16,24
DA:17,38
DA:18,28
DA:19,18
DA:20,14
DA:21,22
DA:22,15
DA:23,16
DA:24,23
DA:25,34
DA:26,34
DA:27,2
DA:28,6
DA:29,20
DA:30,20
DA:31,19
DA:32,18
DA:33,17
DA:34,13
DA:35,21
DA:36,20
DA:37,17
DA:38,13
DA:39,16
DA:40,14
DA:41,15
DA:42,18
DA:43,23
DA:44,20
DA:45,15
DA:46,15
DA:47,21
DA:48,14
DA:49,20
DA:50,19
DA:51,14
DA:52,12
DA:53,13
DA:54,7
DA:55,19
DA:56,2
DA:57,4
DA:58,33
DA:59,21
DA:60,23
DA:61,3
DA:63,23
DA:66,3
DA:67,18
DA:68,25
DA:69,24
DA:70,23
DA:71,28
DA:72,4
DA:73,82
DA:74,38
DA:75,23
DA:76,38
DA:77,2
DA:79,75
LF:71
LH:71
end_of_record
TN:
SF:src\tools\crate\shared.ts
FNF:5
FNH:0
DA:2,65
DA:4,66
DA:5,53
DA:6,54
DA:9,37
DA:10,31
DA:11,71
DA:12,32
DA:13,33
DA:14,61
DA:16,0
DA:17,2
DA:19,0
DA:20,0
DA:21,0
DA:22,0
DA:23,0
DA:24,0
DA:25,0
DA:26,0
DA:27,0
DA:28,0
DA:29,0
DA:30,0
DA:31,0
DA:32,0
DA:33,0
DA:34,0
DA:35,0
DA:36,0
DA:37,0
DA:38,2
DA:42,0
DA:43,0
DA:44,0
DA:45,0
DA:46,0
DA:47,0
DA:48,0
DA:49,0
DA:50,0
DA:51,0
DA:53,2
DA:55,0
DA:56,0
DA:57,0
DA:58,0
DA:59,0
DA:60,2
DA:63,0
DA:64,0
DA:65,0
DA:66,0
DA:67,0
DA:68,0
DA:69,2
DA:73,65
LF:57
LH:16
end_of_record
TN:
SF:src\tools\register.ts
FNF:1
FNH:1
DA:3,65
DA:4,55
DA:5,65
DA:6,55
DA:7,69
DA:8,59
DA:9,67
DA:10,57
DA:11,71
DA:12,61
DA:14,44
DA:15,20
DA:16,22
DA:17,5
DA:18,45
DA:19,45
DA:20,45
DA:21,44
DA:22,3
DA:23,33
DA:24,4
DA:26,20
DA:27,23
DA:28,5
DA:29,46
DA:30,46
DA:31,46
DA:32,45
DA:33,3
DA:34,34
DA:35,4
DA:37,20
DA:38,20
DA:39,5
DA:40,43
DA:41,43
DA:42,40
DA:43,3
DA:44,31
DA:45,4
DA:47,20
DA:48,21
DA:49,5
DA:50,44
DA:51,44
DA:52,41
DA:53,3
DA:54,32
DA:55,4
DA:57,20
DA:58,20
DA:59,5
DA:60,43
DA:61,43
DA:62,43
DA:63,42
DA:64,3
DA:65,24
DA:66,5
DA:69,24
LF:60
LH:60
end_of_record
TN:
SF:src\tools\shared.ts
FNF:4
FNH:0
DA:1,97
DA:4,0
DA:5,0
DA:6,0
DA:7,0
DA:8,0
DA:9,0
DA:11,2
DA:13,0
DA:14,0
DA:15,0
DA:16,0
DA:17,0
DA:19,2
DA:21,0
DA:22,0
DA:24,2
DA:26,0
DA:27,0
DA:28,0
DA:29,0
DA:30,0
DA:31,0
DA:32,0
DA:33,0
DA:34,0
DA:35,0
DA:36,0
DA:37,2
DA:40,86
LF:30
LH:6
end_of_record
TN:
SF:src\tools\symbol\docs\handler.ts
FNF:2
FNH:1
DA:2,58
DA:3,86
DA:5,42
DA:8,30
DA:9,12
DA:10,0
DA:11,0
DA:12,0
DA:13,0
DA:14,0
DA:15,0
DA:16,0
DA:17,0
DA:18,0
DA:19,0
DA:20,2
DA:24,34
LF:17
LH:7
end_of_record
TN:
SF:src\tools\symbol\docs\schema.ts
FNF:1
FNH:1
DA:1,24
DA:5,41
DA:6,59
DA:7,99
DA:8,14
DA:9,9
DA:10,80
DA:11,60
DA:12,76
DA:13,3
DA:15,25
DA:16,18
DA:17,25
DA:18,24
DA:19,23
DA:20,34
DA:21,4
DA:22,81
DA:23,37
DA:24,20
DA:25,2
DA:27,48
LF:22
LH:22
end_of_record
TN:
SF:src\tools\symbol\lookup\details.ts
FNF:11
FNH:0
DA:2,96
DA:3,44
DA:6,0
DA:7,2
DA:9,0
DA:10,2
DA:12,0
DA:13,0
DA:14,0
DA:15,2
DA:18,0
DA:19,0
DA:20,0
DA:21,0
DA:22,0
DA:23,0
DA:24,0
DA:25,0
DA:26,0
DA:27,0
DA:28,0
DA:29,0
DA:30,0
DA:31,0
DA:32,0
DA:33,0
DA:34,2
DA:37,0
DA:38,0
DA:39,0
DA:40,0
DA:41,0
DA:42,0
DA:43,0
DA:44,0
DA:45,0
DA:46,0
DA:47,0
DA:48,0
DA:49,0
DA:50,0
DA:51,0
DA:52,0
DA:53,0
DA:54,0
DA:55,0
DA:56,0
DA:57,0
DA:58,0
DA:59,0
DA:60,0
DA:61,0
DA:62,0
DA:63,0
DA:64,0
DA:65,0
DA:66,2
DA:69,0
DA:70,0
DA:71,0
DA:72,0
DA:73,0
DA:74,0
DA:75,0
DA:76,0
DA:77,0
DA:78,2
DA:81,0
DA:82,0
DA:83,0
DA:84,0
DA:85,0
DA:86,0
DA:87,0
DA:88,0
DA:89,0
DA:90,0
DA:91,0
DA:92,0
DA:93,0
DA:94,0
DA:95,0
DA:96,0
DA:97,0
DA:98,0
DA:99,0
DA:100,0
DA:101,0
DA:102,0
DA:103,0
DA:104,0
DA:105,0
DA:106,0
DA:107,0
DA:108,0
DA:109,0
DA:110,0
DA:111,0
DA:112,0
DA:113,0
DA:114,0
DA:115,0
DA:116,2
DA:119,0
DA:120,0
DA:121,0
DA:122,0
DA:123,0
DA:124,0
DA:125,0
DA:126,0
DA:127,0
DA:128,0
DA:129,0
DA:130,0
DA:131,0
DA:132,0
DA:133,0
DA:134,0
DA:135,0
DA:136,0
DA:137,0
DA:138,0
DA:139,0
DA:140,0
DA:141,0
DA:142,0
DA:143,0
DA:144,0
DA:145,0
DA:146,0
DA:147,0
DA:148,0
DA:149,0
DA:150,0
DA:151,0
DA:152,0
DA:153,0
DA:154,0
DA:155,0
DA:156,0
DA:157,0
DA:158,0
DA:159,0
DA:160,0
DA:161,0
DA:162,0
DA:163,0
DA:164,0
DA:165,0
DA:166,0
DA:167,2
DA:170,0
DA:171,0
DA:172,0
DA:173,0
DA:174,0
DA:175,0
DA:176,0
DA:177,0
DA:178,2
DA:181,0
DA:182,0
DA:183,0
DA:184,0
DA:185,0
DA:186,0
DA:187,0
DA:188,0
DA:189,2
DA:192,0
DA:193,0
DA:194,0
DA:195,0
DA:196,0
DA:197,0
DA:198,0
DA:199,0
DA:200,0
DA:201,0
DA:202,2
DA:206,28
LF:182
LH:14
end_of_record
TN:
SF:src\tools\symbol\lookup\handler.ts
FNF:3
FNH:1
DA:1,69
DA:3,58
DA:4,92
DA:6,71
DA:7,49
DA:10,0
DA:11,0
DA:12,0
DA:13,0
DA:14,0
DA:15,0
DA:16,0
DA:17,0
DA:18,0
DA:19,0
DA:20,0
DA:21,0
DA:22,0
DA:23,0
DA:24,0
DA:25,0
DA:26,0
DA:27,0
DA:28,0
DA:29,0
DA:30,0
DA:31,0
DA:32,0
DA:33,0
DA:34,0
DA:35,0
DA:36,2
DA:39,32
DA:40,12
DA:41,0
DA:42,0
DA:43,0
DA:44,0
DA:45,0
DA:46,0
DA:47,0
DA:48,0
DA:49,0
DA:50,0
DA:51,0
DA:52,0
DA:53,0
DA:54,2
DA:58,36
LF:49
LH:10
end_of_record
TN:
SF:src\tools\symbol\lookup\schema.ts
FNF:1
FNH:1
DA:1,24
DA:5,43
DA:6,59
DA:7,99
DA:8,14
DA:9,9
DA:10,80
DA:11,60
DA:12,76
DA:13,3
DA:15,44
DA:16,24
DA:17,38
DA:18,28
DA:19,9
DA:20,12
DA:21,60
DA:22,58
DA:23,55
DA:24,56
DA:25,59
DA:26,57
DA:27,59
DA:28,57
DA:29,56
DA:30,55
DA:31,3
DA:32,13
DA:33,22
DA:34,28
DA:35,25
DA:36,20
DA:37,20
DA:38,19
DA:39,18
DA:40,17
DA:41,13
DA:42,21
DA:43,20
DA:44,17
DA:45,13
DA:46,16
DA:47,14
DA:48,15
DA:49,18
DA:50,23
DA:51,20
DA:52,15
DA:53,15
DA:54,21
DA:55,14
DA:56,20
DA:57,19
DA:58,14
DA:59,12
DA:60,13
DA:61,7
DA:62,22
DA:63,21
DA:64,32
DA:65,35
DA:66,24
DA:67,5
DA:68,19
DA:69,3
DA:71,24
DA:74,3
DA:75,18
DA:76,25
DA:77,24
DA:78,23
DA:79,29
DA:80,4
DA:81,72
DA:82,39
DA:83,24
DA:84,39
DA:85,2
DA:87,78
LF:79
LH:79
end_of_record
TN:
SF:src\tools\symbol\shared.ts
FNF:7
FNH:0
DA:4,95
DA:8,31
DA:9,29
DA:10,28
DA:11,28
DA:12,35
DA:13,36
DA:14,35
DA:16,23
DA:17,29
DA:18,27
DA:19,25
DA:20,25
DA:21,20
DA:22,23
DA:23,15
DA:24,31
DA:25,29
DA:26,17
DA:27,23
DA:28,15
DA:29,21
DA:30,17
DA:31,16
DA:32,19
DA:33,25
DA:34,35
DA:35,29
DA:36,19
DA:37,19
DA:38,31
DA:39,17
DA:40,29
DA:41,21
DA:42,27
DA:43,17
DA:44,13
DA:45,19
DA:46,2
DA:48,0
DA:49,0
DA:50,0
DA:51,0
DA:52,0
DA:53,0
DA:54,0
DA:55,0
DA:56,0
DA:57,0
DA:58,0
DA:59,2
DA:62,0
DA:63,0
DA:64,0
DA:65,0
DA:66,0
DA:67,0
DA:68,2
DA:71,0
DA:72,0
DA:73,0
DA:74,0
DA:75,0
DA:76,0
DA:77,0
DA:78,0
DA:79,0
DA:80,0
DA:81,0
DA:82,2
DA:85,0
DA:86,0
DA:87,0
DA:88,0
DA:89,0
DA:90,0
DA:91,0
DA:92,0
DA:93,0
DA:94,0
DA:95,0
DA:96,0
DA:97,0
DA:98,0
DA:99,0
DA:100,0
DA:101,0
DA:102,0
DA:103,0
DA:104,0
DA:105,0
DA:106,0
DA:107,0
DA:108,0
DA:109,0
DA:110,0
DA:111,0
DA:112,0
DA:113,0
DA:114,0
DA:115,0
DA:116,2
DA:119,0
DA:120,0
DA:121,0
DA:122,0
DA:123,0
DA:124,0
DA:125,0
DA:126,0
DA:127,0
DA:128,0
DA:129,0
DA:130,0
DA:131,0
DA:132,0
DA:133,0
DA:134,0
DA:135,0
DA:136,0
DA:137,0
DA:138,0
DA:139,0
DA:140,0
DA:141,0
DA:142,2
DA:145,0
DA:146,2
DA:148,0
DA:149,0
DA:150,0
DA:151,0
DA:152,0
DA:153,0
DA:154,0
DA:155,0
DA:156,0
DA:157,0
DA:158,0
DA:159,0
DA:160,0
DA:161,0
DA:162,0
DA:163,0
DA:164,0
DA:165,0
DA:166,0
DA:167,0
DA:168,0
DA:169,0
DA:170,0
DA:171,0
DA:172,0
DA:173,0
DA:174,0
DA:175,0
DA:176,0
DA:177,0
DA:178,0
DA:179,0
DA:180,0
DA:181,0
DA:182,0
DA:183,0
DA:184,0
DA:185,0
DA:186,0
DA:187,0
DA:188,0
DA:189,0
DA:190,0
DA:191,0
DA:192,0
DA:193,0
DA:194,0
DA:195,0
DA:196,0
DA:197,0
DA:198,2
DA:201,50
LF:180
LH:47
end_of_record
