TN:
SF:src\docs\shared.ts
FNF:5
FNH:5
DA:2,49
DA:6,22
DA:7,37
DA:8,32
DA:9,25
DA:10,23
DA:11,15
DA:12,31
DA:13,29
DA:14,23
DA:15,25
DA:16,21
DA:17,17
DA:18,19
DA:19,25
DA:20,35
DA:21,29
DA:22,19
DA:23,19
DA:24,31
DA:25,17
DA:26,29
DA:27,27
DA:28,17
DA:29,13
DA:30,19
DA:31,2
DA:33,27
DA:34,29
DA:35,27
DA:36,23
DA:37,15
DA:38,31
DA:39,29
DA:40,23
DA:41,15
DA:42,17
DA:43,19
DA:44,25
DA:45,19
DA:46,19
DA:47,31
DA:48,17
DA:49,29
DA:50,27
DA:51,17
DA:52,13
DA:53,19
DA:54,2
DA:59,33
DA:61,56
DA:63,30
DA:64,58
DA:65,0
DA:66,2
DA:68,44
DA:69,10
DA:70,0
DA:71,2
DA:73,13
DA:76,36
DA:77,30
DA:78,0
DA:79,2
DA:81,30
DA:84,35
DA:85,42
DA:86,9
DA:87,0
DA:88,2
DA:90,30
DA:91,28
DA:92,2
DA:94,68
DA:95,0
DA:96,2
DA:98,45
DA:99,13
DA:100,28
DA:101,15
DA:102,20
DA:103,0
DA:104,0
DA:106,2
DA:110,90
LF:85
LH:78
end_of_record
TN:
SF:src\errors.ts
FNF:24
FNH:0
DA:8,72
DA:10,110
DA:12,0
DA:13,0
DA:14,0
DA:15,0
DA:16,0
DA:17,74
DA:20,0
DA:21,0
DA:22,0
DA:23,0
DA:24,0
DA:25,42
DA:28,74
DA:29,20
DA:30,23
DA:32,0
DA:33,0
DA:34,0
DA:35,0
DA:36,31
DA:38,2
DA:40,91
DA:41,0
DA:42,0
DA:43,0
DA:44,0
DA:45,8
DA:47,2
DA:49,87
DA:50,0
DA:51,0
DA:52,0
DA:53,0
DA:54,0
DA:55,0
DA:56,0
DA:57,0
DA:58,0
DA:59,0
DA:60,0
DA:61,7
DA:63,2
DA:65,99
DA:66,0
DA:67,0
DA:68,0
DA:69,0
DA:70,0
DA:71,0
DA:72,0
DA:73,7
DA:75,2
DA:77,87
DA:78,0
DA:79,0
DA:80,0
DA:81,0
DA:82,8
DA:84,2
DA:86,99
DA:87,0
DA:88,0
DA:89,0
DA:90,0
DA:91,0
DA:92,8
DA:94,2
DA:96,83
DA:97,0
DA:98,0
DA:99,0
DA:100,0
DA:101,8
DA:103,2
DA:105,97
DA:106,0
DA:107,0
DA:108,0
DA:109,8
DA:111,2
DA:113,97
DA:114,0
DA:115,0
DA:116,0
DA:117,0
DA:118,8
DA:120,2
DA:122,87
DA:123,0
DA:124,0
DA:125,0
DA:126,0
DA:127,0
DA:128,0
DA:129,8
DA:131,2
DA:133,89
DA:134,0
DA:135,0
DA:136,0
DA:137,0
DA:138,0
DA:139,0
DA:140,8
DA:142,2
DA:147,64
DA:149,0
DA:150,55
DA:152,0
DA:153,60
DA:155,43
DA:156,0
DA:157,0
DA:158,0
DA:159,0
DA:160,0
DA:161,0
DA:162,0
DA:163,0
DA:164,0
DA:165,0
DA:166,0
DA:167,94
DA:170,0
DA:171,0
DA:172,0
DA:173,0
DA:174,0
DA:175,82
DA:178,0
DA:179,0
DA:180,0
DA:181,0
DA:182,0
DA:183,88
DA:185,4
DA:187,0
DA:188,35
DA:190,0
DA:191,35
DA:193,0
DA:194,39
DA:196,615
LF:145
LH:51
end_of_record
TN:
SF:src\meta.ts
FNF:1
FNH:1
DA:1,30
DA:2,40
DA:6,58
DA:8,37
DA:9,48
DA:10,2
DA:11,51
DA:13,67
LF:8
LH:8
end_of_record
TN:
SF:src\tools\symbol\shared.ts
FNF:10
FNH:9
DA:4,95
DA:8,31
DA:9,29
DA:10,28
DA:11,28
DA:12,35
DA:13,36
DA:14,35
DA:16,23
DA:17,29
DA:18,27
DA:19,25
DA:20,25
DA:21,20
DA:22,23
DA:23,15
DA:24,31
DA:25,29
DA:26,17
DA:27,23
DA:28,15
DA:29,21
DA:30,17
DA:31,16
DA:32,19
DA:33,25
DA:34,35
DA:35,29
DA:36,19
DA:37,19
DA:38,31
DA:39,17
DA:40,29
DA:41,21
DA:42,27
DA:43,17
DA:44,13
DA:45,19
DA:46,2
DA:48,41
DA:49,37
DA:50,12
DA:51,2
DA:53,59
DA:54,49
DA:55,12
DA:56,2
DA:57,2
DA:59,13
DA:62,32
DA:63,53
DA:64,46
DA:65,14
DA:66,2
DA:68,91
DA:71,37
DA:72,63
DA:73,44
DA:74,43
DA:75,56
DA:76,73
DA:78,12
DA:79,9
DA:80,9
DA:81,10
DA:82,3
DA:85,35
DA:86,32
DA:87,19
DA:88,26
DA:90,36
DA:91,33
DA:92,28
DA:93,7
DA:94,16
DA:95,13
DA:96,3
DA:97,10
DA:98,26
DA:100,15
DA:101,85
DA:102,39
DA:103,6
DA:104,4
DA:106,21
DA:107,42
DA:108,47
DA:109,19
DA:110,29
DA:111,4
DA:112,5
DA:115,18
DA:116,14
DA:119,30
DA:120,68
DA:122,37
DA:123,19
DA:124,43
DA:125,40
DA:134,40
DA:135,25
DA:136,39
DA:137,19
DA:139,75
DA:140,50
DA:142,42
DA:143,4
DA:144,29
DA:145,15
DA:146,43
DA:147,9
DA:148,38
DA:149,6
DA:151,42
DA:152,4
DA:153,29
DA:154,15
DA:155,48
DA:156,9
DA:157,40
DA:158,6
DA:159,40
DA:160,40
DA:161,4
DA:162,4
DA:164,14
DA:165,11
DA:166,10
DA:167,11
DA:168,9
DA:169,1
DA:170,2
DA:171,6
DA:172,1
DA:173,14
DA:176,51
DA:177,2
DA:178,11
DA:180,15
DA:181,11
DA:182,2
DA:184,49
DA:185,43
DA:186,12
DA:187,20
DA:188,18
DA:189,20
DA:190,66
DA:191,3
DA:194,50
LF:150
LH:150
end_of_record
