TN:
SF:src\cache\index.ts
FNF:15
FNH:15
DA:1,38
DA:2,36
DA:3,36
DA:5,55
DA:8,29
DA:10,35
DA:11,41
DA:12,26
DA:13,2
DA:15,32
DA:16,13
DA:17,2
DA:19,53
DA:22,33
DA:23,30
DA:24,6
DA:25,2
DA:27,32
DA:28,17
DA:29,6
DA:32,30
DA:33,9
DA:34,24
DA:35,36
DA:36,155
DA:43,6
DA:44,81
DA:45,10
DA:46,19
DA:47,47
DA:51,32
DA:52,59
DA:53,12
DA:54,6
DA:57,52
DA:59,35
DA:60,45
DA:61,63
DA:62,60
DA:63,78
DA:64,81
DA:65,102
DA:68,2
DA:69,2
DA:71,16
DA:72,19
DA:73,12
DA:74,9
DA:75,23
DA:76,47
DA:78,65
DA:79,20
DA:80,37
DA:81,6
DA:83,16
DA:84,19
DA:85,18
DA:86,1
DA:87,4
DA:89,14
DA:90,42
DA:91,15
DA:92,2
DA:93,19
DA:94,44
DA:98,16
DA:99,48
DA:100,9
DA:101,57
DA:102,28
DA:103,49
DA:104,20
DA:105,44
DA:106,4
DA:107,4
DA:109,71
DA:110,19
DA:111,45
DA:115,46
DA:116,9
DA:117,34
DA:118,34
DA:119,37
DA:120,36
DA:121,36
DA:122,37
DA:123,14
DA:124,19
DA:125,47
DA:129,42
DA:130,47
DA:131,38
DA:132,42
DA:134,40
DA:135,24
DA:136,5
DA:138,12
DA:139,42
DA:140,39
DA:141,50
DA:142,35
DA:143,37
DA:144,3
DA:147,22
LF:104
LH:104
end_of_record
TN:
SF:src\config\index.ts
FNF:10
FNH:10
DA:3,37
DA:4,30
DA:5,43
DA:6,47
DA:7,41
DA:8,47
DA:9,27
DA:10,32
DA:11,14
DA:12,5
DA:13,3
DA:14,29
DA:15,11
DA:16,5
DA:17,3
DA:19,31
DA:20,16
DA:21,6
DA:22,2
DA:24,44
DA:25,48
DA:28,37
DA:29,28
DA:30,38
DA:31,33
DA:32,2
DA:33,2
DA:35,35
DA:36,19
DA:37,6
DA:38,2
DA:40,24
DA:43,41
DA:44,30
DA:45,53
DA:46,2
DA:48,14
DA:51,40
DA:52,28
DA:53,23
DA:54,36
DA:55,40
DA:56,2
DA:58,30
DA:59,42
DA:60,26
DA:61,51
DA:62,52
DA:63,2
DA:65,53
DA:66,16
DA:67,59
DA:68,43
DA:69,68
DA:70,68
DA:71,4
DA:72,50
DA:73,54
DA:74,2
DA:76,37
DA:77,56
DA:78,24
DA:79,68
DA:80,72
DA:81,2
DA:83,23
DA:84,324
DA:94,7
DA:96,82
LF:69
LH:69
end_of_record
TN:
SF:src\docs\classifier\normalize.ts
FNF:8
FNH:8
DA:1,38
DA:2,34
DA:4,31
DA:5,92
DA:7,33
DA:8,42
DA:9,33
DA:10,9
DA:11,2
DA:13,39
DA:14,60
DA:16,63
DA:19,57
DA:20,34
DA:21,76
DA:22,9
DA:24,60
DA:25,76
DA:26,12
DA:27,2
DA:29,90
DA:32,79
LF:22
LH:22
end_of_record
TN:
SF:src\docs\classifier\rank.ts
FNF:7
FNH:7
DA:1,40
DA:4,26
DA:5,27
DA:6,27
DA:7,27
DA:8,28
DA:9,25
DA:11,68
DA:13,51
DA:15,32
DA:16,23
DA:17,19
DA:18,27
DA:19,20
DA:20,28
DA:21,20
DA:22,28
DA:23,20
DA:24,28
DA:25,21
DA:26,29
DA:27,18
DA:28,35
DA:30,23
DA:34,43
DA:35,83
DA:36,71
DA:37,72
DA:38,73
DA:39,69
DA:40,48
DA:42,36
DA:43,7
DA:44,18
DA:45,8
DA:46,33
DA:47,2
DA:48,59
DA:49,26
DA:51,35
LF:40
LH:40
end_of_record
TN:
SF:src\docs\classifier\score.ts
FNF:3
FNH:3
DA:1,105
DA:9,21
DA:11,70
DA:21,17
DA:22,15
DA:23,17
DA:24,18
DA:25,15
DA:26,18
DA:27,3
DA:28,44
DA:29,19
DA:30,2
DA:31,68
DA:32,20
DA:33,2
DA:34,28
DA:35,20
DA:36,2
DA:37,48
DA:38,20
DA:39,2
DA:40,70
DA:41,21
DA:42,2
DA:44,20
DA:47,38
DA:48,47
DA:49,42
DA:50,51
DA:51,46
DA:52,24
DA:53,18
DA:54,42
DA:55,4
DA:56,64
DA:57,64
DA:58,67
DA:59,67
DA:60,70
DA:61,25
DA:62,17
DA:63,19
DA:64,20
DA:65,17
DA:66,14
DA:67,5
DA:69,12
DA:70,60
DA:71,17
DA:72,17
DA:73,64
DA:74,17
DA:75,6
DA:76,3
DA:79,21
LF:56
LH:56
end_of_record
TN:
SF:src\docs\index.ts
FNF:4
FNH:4
DA:1,48
DA:3,80
DA:6,39
DA:7,78
DA:9,28
DA:10,36
DA:11,49
DA:12,18
DA:13,30
DA:14,4
DA:16,54
DA:19,12
DA:20,34
DA:21,29
DA:22,6
DA:23,3
DA:26,28
LF:17
LH:17
end_of_record
TN:
SF:src\docs\parse.ts
FNF:4
FNH:4
DA:1,66
DA:4,37
DA:6,47
DA:7,33
DA:8,63
DA:9,2
DA:10,19
DA:11,66
DA:12,2
DA:13,29
DA:14,75
DA:15,2
DA:17,9
DA:18,61
DA:19,19
DA:20,60
DA:24,40
DA:25,9
DA:26,30
DA:27,30
DA:28,5
DA:29,50
DA:30,6
DA:32,36
DA:33,74
DA:34,34
DA:35,4
DA:37,15
DA:38,19
DA:39,82
DA:40,11
DA:41,4
DA:43,38
DA:47,36
LF:34
LH:34
end_of_record
TN:
SF:src\docs\shared.ts
FNF:5
FNH:5
DA:2,49
DA:6,22
DA:7,37
DA:8,32
DA:9,25
DA:10,23
DA:11,15
DA:12,31
DA:13,29
DA:14,23
DA:15,25
DA:16,21
DA:17,17
DA:18,19
DA:19,25
DA:20,35
DA:21,29
DA:22,19
DA:23,19
DA:24,31
DA:25,17
DA:26,29
DA:27,27
DA:28,17
DA:29,13
DA:30,19
DA:31,2
DA:33,27
DA:34,29
DA:35,27
DA:36,23
DA:37,15
DA:38,31
DA:39,29
DA:40,23
DA:41,15
DA:42,17
DA:43,19
DA:44,25
DA:45,19
DA:46,19
DA:47,31
DA:48,17
DA:49,29
DA:50,27
DA:51,17
DA:52,13
DA:53,19
DA:54,2
DA:59,33
DA:61,56
DA:63,30
DA:64,63
DA:65,92
DA:66,2
DA:68,44
DA:69,15
DA:70,74
DA:71,2
DA:73,13
DA:76,36
DA:77,35
DA:78,12
DA:79,2
DA:81,30
DA:84,35
DA:85,42
DA:86,14
DA:87,6
DA:88,2
DA:90,30
DA:91,28
DA:92,2
DA:94,73
DA:95,6
DA:96,2
DA:98,45
DA:99,13
DA:100,28
DA:101,15
DA:102,25
DA:103,13
DA:104,28
DA:106,8
DA:110,90
LF:85
LH:85
end_of_record
TN:
SF:src\docs\store.ts
FNF:7
FNH:7
DA:3,78
DA:4,44
DA:5,42
DA:8,27
DA:10,33
DA:11,124
DA:12,22
DA:13,48
DA:14,2
DA:15,17
DA:16,43
DA:17,35
DA:18,2
DA:19,16
DA:21,12
DA:24,45
DA:25,41
DA:26,66
DA:28,9
DA:29,31
DA:30,24
DA:31,18
DA:32,34
DA:33,34
DA:34,8
DA:35,29
DA:36,3
DA:37,19
DA:38,65
DA:39,38
DA:40,4
DA:42,73
DA:43,5
DA:44,28
DA:48,43
DA:49,32
DA:50,23
DA:51,11
DA:52,2
DA:54,12
DA:55,22
DA:56,17
DA:57,3
DA:60,25
DA:61,7
DA:62,8
DA:63,7
DA:64,7
DA:65,3
DA:66,70
DA:67,44
DA:68,60
DA:69,2
DA:70,22
DA:71,65
DA:72,2
DA:74,49
DA:75,40
DA:76,12
DA:77,9
DA:78,18
DA:79,3
DA:82,61
LF:63
LH:63
end_of_record
TN:
SF:src\errors.ts
FNF:26
FNH:26
DA:8,138
DA:10,184
DA:12,57
DA:13,65
DA:14,27
DA:15,5
DA:17,139
DA:20,73
DA:21,106
DA:22,12
DA:23,5
DA:25,78
DA:28,74
DA:29,20
DA:30,23
DA:32,59
DA:33,38
DA:34,54
DA:35,64
DA:36,59
DA:38,2
DA:40,91
DA:41,57
DA:42,120
DA:43,76
DA:44,14
DA:45,13
DA:47,2
DA:49,87
DA:50,99
DA:51,12
DA:52,25
DA:53,196
DA:54,113
DA:55,14
DA:56,28
DA:57,34
DA:58,34
DA:59,14
DA:60,2
DA:61,11
DA:63,2
DA:65,99
DA:66,63
DA:67,12
DA:68,365
DA:69,14
DA:70,32
DA:71,22
DA:72,2
DA:73,11
DA:75,2
DA:77,87
DA:78,55
DA:79,106
DA:80,32
DA:81,14
DA:82,13
DA:84,2
DA:86,99
DA:87,71
DA:88,176
DA:89,28
DA:90,30
DA:91,14
DA:92,13
DA:94,2
DA:96,83
DA:97,63
DA:98,170
DA:99,28
DA:100,26
DA:101,13
DA:103,2
DA:105,97
DA:106,61
DA:107,44
DA:108,24
DA:109,13
DA:111,2
DA:113,97
DA:114,65
DA:115,138
DA:116,32
DA:117,24
DA:118,13
DA:120,2
DA:122,87
DA:123,49
DA:124,72
DA:125,110
DA:126,60
DA:127,62
DA:128,16
DA:129,13
DA:131,2
DA:133,89
DA:134,49
DA:135,72
DA:136,110
DA:137,60
DA:138,62
DA:139,16
DA:140,13
DA:142,2
DA:147,88
DA:149,55
DA:150,103
DA:152,57
DA:153,113
DA:155,43
DA:156,29
DA:157,45
DA:158,17
DA:159,9
DA:161,72
DA:162,154
DA:163,124
DA:164,11
DA:165,9
DA:167,182
DA:170,55
DA:171,75
DA:172,17
DA:173,9
DA:175,158
DA:178,58
DA:179,68
DA:180,11
DA:181,9
DA:183,173
DA:185,4
DA:187,69
DA:188,65
DA:190,69
DA:191,65
DA:193,77
DA:194,73
DA:196,615
LF:139
LH:139
end_of_record
TN:
SF:src\meta.ts
FNF:1
FNH:1
DA:1,30
DA:2,40
DA:6,58
DA:8,37
DA:9,48
DA:10,2
DA:11,51
DA:13,67
LF:8
LH:8
end_of_record
TN:
SF:src\prompts\crate\docs\handler.ts
FNF:2
FNH:2
DA:1,90
DA:5,53
DA:6,25
DA:7,26
DA:8,100
DA:9,1
DA:10,2
DA:12,26
DA:13,313
DA:14,3
DA:17,39
LF:11
LH:11
end_of_record
TN:
SF:src\prompts\crate\docs\schema.ts
FNF:1
FNH:1
DA:1,24
DA:5,45
DA:6,81
DA:7,60
DA:8,76
DA:9,3
DA:11,26
DA:12,46
DA:13,66
DA:14,19
DA:15,2
DA:17,53
LF:12
LH:12
end_of_record
TN:
SF:src\prompts\crate\find\handler.ts
FNF:2
FNH:2
DA:1,53
DA:5,53
DA:6,21
DA:7,26
DA:8,87
DA:9,1
DA:10,2
DA:12,26
DA:13,186
DA:14,3
DA:17,39
LF:11
LH:11
end_of_record
TN:
SF:src\prompts\crate\find\schema.ts
FNF:1
FNH:1
DA:1,24
DA:5,45
DA:6,79
DA:7,70
DA:8,3
DA:10,26
DA:11,46
DA:12,56
DA:13,19
DA:14,2
DA:16,53
LF:11
LH:11
end_of_record
TN:
SF:src\prompts\crate\lookup\handler.ts
FNF:2
FNH:2
DA:1,90
DA:5,55
DA:6,25
DA:7,26
DA:8,76
DA:9,1
DA:10,2
DA:12,26
DA:13,146
DA:14,3
DA:17,41
LF:11
LH:11
end_of_record
TN:
SF:src\prompts\crate\lookup\schema.ts
FNF:1
FNH:1
DA:1,24
DA:5,47
DA:6,81
DA:7,60
DA:8,76
DA:9,3
DA:11,28
DA:12,48
DA:13,85
DA:14,21
DA:15,2
DA:17,57
LF:12
LH:12
end_of_record
TN:
SF:src\prompts\register.ts
FNF:1
FNH:1
DA:2,71
DA:3,57
DA:4,71
DA:5,57
DA:6,75
DA:7,61
DA:8,73
DA:9,59
DA:10,77
DA:11,63
DA:13,37
DA:14,22
DA:15,24
DA:16,5
DA:17,45
DA:18,44
DA:19,3
DA:20,32
DA:21,4
DA:23,22
DA:24,25
DA:25,5
DA:26,46
DA:27,45
DA:28,3
DA:29,33
DA:30,4
DA:32,22
DA:33,22
DA:34,5
DA:35,43
DA:36,42
DA:37,3
DA:38,30
DA:39,4
DA:41,22
DA:42,23
DA:43,5
DA:44,44
DA:45,43
DA:46,3
DA:47,31
DA:48,4
DA:50,22
DA:51,22
DA:52,5
DA:53,43
DA:54,42
DA:55,3
DA:56,30
DA:57,5
DA:60,26
LF:52
LH:52
end_of_record
TN:
SF:src\prompts\shared.ts
FNF:3
FNH:3
DA:3,39
DA:4,15
DA:5,7
DA:6,18
DA:7,13
DA:8,18
DA:9,8
DA:10,16
DA:11,3
DA:12,2
DA:13,2
DA:15,68
DA:17,69
DA:19,66
LF:14
LH:14
end_of_record
TN:
SF:src\prompts\symbol\docs\handler.ts
FNF:2
FNH:2
DA:1,90
DA:5,54
DA:6,65
DA:7,26
DA:8,138
DA:9,1
DA:10,2
DA:11,25
DA:12,26
DA:13,128
DA:14,1
DA:15,2
DA:16,26
DA:17,26
DA:18,161
DA:19,1
DA:20,2
DA:21,26
DA:22,26
DA:23,125
DA:24,1
DA:25,2
DA:27,26
DA:28,331
DA:29,3
DA:32,40
LF:26
LH:26
end_of_record
TN:
SF:src\prompts\symbol\docs\schema.ts
FNF:1
FNH:1
DA:1,24
DA:5,46
DA:6,70
DA:7,14
DA:8,9
DA:9,11
DA:10,76
DA:11,14
DA:12,9
DA:13,11
DA:14,80
DA:15,60
DA:16,76
DA:17,3
DA:19,27
DA:20,47
DA:21,72
DA:22,20
DA:23,2
DA:25,55
LF:20
LH:20
end_of_record
TN:
SF:src\prompts\symbol\lookup\handler.ts
FNF:2
FNH:2
DA:1,90
DA:5,56
DA:6,65
DA:7,26
DA:8,138
DA:9,1
DA:10,2
DA:11,25
DA:12,26
DA:13,128
DA:14,1
DA:15,2
DA:16,26
DA:17,26
DA:18,161
DA:19,1
DA:20,2
DA:21,26
DA:22,26
DA:23,115
DA:24,1
DA:25,2
DA:27,26
DA:28,369
DA:29,3
DA:32,42
LF:26
LH:26
end_of_record
TN:
SF:src\prompts\symbol\lookup\schema.ts
FNF:1
FNH:1
DA:1,24
DA:5,48
DA:6,70
DA:7,14
DA:8,9
DA:9,11
DA:10,76
DA:11,14
DA:12,9
DA:13,11
DA:14,80
DA:15,60
DA:16,76
DA:17,3
DA:19,29
DA:20,49
DA:21,61
DA:22,22
DA:23,2
DA:25,59
LF:20
LH:20
end_of_record
TN:
SF:src\server\server.ts
FNF:6
FNH:5
DA:1,60
DA:3,62
DA:4,91
DA:5,60
DA:6,66
DA:7,62
DA:8,68
DA:9,81
DA:10,37
DA:13,44
DA:14,44
DA:15,34
DA:16,19
DA:17,22
DA:18,5
DA:19,44
DA:20,23
DA:22,33
DA:23,26
DA:25,12
DA:26,19
DA:27,13
DA:28,0
DA:29,6
DA:31,15
DA:32,14
DA:33,24
DA:34,15
DA:35,29
DA:36,0
DA:37,8
DA:39,24
DA:41,54
DA:42,6
DA:44,11
DA:45,11
DA:46,0
DA:47,0
DA:48,0
DA:49,0
DA:50,0
DA:51,0
DA:52,0
DA:53,0
DA:55,2
DA:56,3
DA:59,23
LF:47
LH:37
end_of_record
TN:
SF:src\tools\crate\docs\handler.ts
FNF:3
FNH:3
DA:1,56
DA:3,86
DA:7,29
DA:8,12
DA:9,12
DA:10,9
DA:11,46
DA:12,34
DA:13,80
DA:14,19
DA:15,61
DA:19,33
LF:12
LH:12
end_of_record
TN:
SF:src\tools\crate\docs\schema.ts
FNF:1
FNH:1
DA:1,24
DA:5,40
DA:6,87
DA:7,79
DA:8,96
DA:9,11
DA:10,9
DA:11,11
DA:12,74
DA:13,3
DA:15,24
DA:16,18
DA:17,25
DA:18,24
DA:19,23
DA:20,33
DA:21,4
DA:22,68
DA:23,36
DA:24,19
DA:25,2
DA:27,46
LF:22
LH:22
end_of_record
TN:
SF:src\tools\crate\find\handler.ts
FNF:6
FNH:6
DA:2,92
DA:4,48
DA:5,49
DA:8,24
DA:9,7
DA:10,7
DA:11,12
DA:14,3
DA:15,41
DA:16,8
DA:17,26
DA:18,6
DA:19,2
DA:21,36
DA:22,23
DA:23,2
DA:24,92
DA:26,46
DA:27,9
DA:28,51
DA:29,61
DA:30,88
DA:31,87
DA:32,19
DA:33,16
DA:34,55
DA:35,47
DA:36,25
DA:37,62
DA:41,33
LF:30
LH:30
end_of_record
TN:
SF:src\tools\crate\find\schema.ts
FNF:1
FNH:1
DA:1,24
DA:5,30
DA:7,40
DA:8,9
DA:9,9
DA:10,11
DA:11,28
DA:12,50
DA:13,86
DA:14,3
DA:16,41
DA:17,16
DA:18,14
DA:19,37
DA:20,39
DA:21,41
DA:22,26
DA:23,36
DA:24,27
DA:25,21
DA:26,32
DA:27,38
DA:28,34
DA:29,2
DA:30,4
DA:31,20
DA:32,23
DA:33,18
DA:34,3
DA:36,24
DA:37,18
DA:38,25
DA:39,24
DA:40,23
DA:41,27
DA:42,4
DA:43,90
DA:44,36
DA:45,21
DA:46,36
DA:47,2
DA:49,89
LF:42
LH:42
end_of_record
TN:
SF:src\tools\crate\lookup\handler.ts
FNF:5
FNH:5
DA:2,92
DA:4,49
DA:5,41
DA:8,31
DA:9,12
DA:10,12
DA:11,9
DA:12,46
DA:13,48
DA:14,30
DA:15,19
DA:16,127
DA:17,2
DA:18,19
DA:19,40
DA:20,64
DA:21,89
DA:22,37
DA:23,45
DA:24,4
DA:25,111
DA:26,47
DA:30,35
LF:23
LH:23
end_of_record
TN:
SF:src\tools\crate\lookup\logic.ts
FNF:10
FNH:10
DA:2,112
DA:11,31
DA:12,29
DA:13,30
DA:14,11
DA:15,11
DA:16,9
DA:17,10
DA:18,13
DA:19,10
DA:20,19
DA:21,16
DA:22,14
DA:23,13
DA:24,11
DA:25,10
DA:26,12
DA:27,15
DA:28,16
DA:29,15
DA:30,16
DA:31,17
DA:32,8
DA:33,9
DA:34,17
DA:35,16
DA:36,14
DA:37,10
DA:38,2
DA:40,32
DA:41,53
DA:42,46
DA:43,14
DA:44,2
DA:46,91
DA:49,33
DA:50,28
DA:51,32
DA:52,2
DA:53,28
DA:54,18
DA:55,2
DA:57,19
DA:60,34
DA:61,45
DA:62,27
DA:63,15
DA:64,24
DA:65,2
DA:67,12
DA:68,13
DA:69,21
DA:70,13
DA:73,43
DA:74,57
DA:75,47
DA:76,29
DA:77,2
DA:79,26
DA:80,14
DA:81,11
DA:82,40
DA:83,57
DA:86,54
DA:87,31
DA:88,38
DA:89,43
DA:90,2
DA:92,46
DA:93,19
DA:94,83
DA:95,21
DA:96,9
DA:97,2
DA:99,27
DA:100,43
DA:101,43
DA:102,49
DA:103,13
DA:104,4
DA:106,39
DA:107,17
DA:108,13
DA:109,4
DA:111,43
DA:112,56
DA:113,28
DA:114,2
DA:116,49
DA:117,37
DA:118,40
DA:119,9
DA:120,4
DA:122,14
DA:123,9
DA:124,28
DA:125,14
DA:126,13
DA:127,33
DA:128,5
DA:129,1
DA:130,3
DA:133,31
DA:134,32
DA:135,52
DA:137,12
DA:138,38
DA:139,37
DA:140,39
DA:141,13
DA:142,47
DA:143,31
DA:144,73
DA:145,3
DA:148,22
LF:115
LH:115
end_of_record
TN:
SF:src\tools\crate\lookup\schema.ts
FNF:1
FNH:1
DA:1,24
DA:5,42
DA:6,87
DA:7,79
DA:8,96
DA:9,11
DA:10,9
DA:11,11
DA:12,74
DA:13,3
DA:15,43
DA:16,24
DA:17,38
DA:18,28
DA:19,18
DA:20,14
DA:21,22
DA:22,15
DA:23,16
DA:24,23
DA:25,34
DA:26,34
DA:27,2
DA:28,6
DA:29,20
DA:30,20
DA:31,19
DA:32,18
DA:33,17
DA:34,13
DA:35,21
DA:36,20
DA:37,17
DA:38,13
DA:39,16
DA:40,14
DA:41,15
DA:42,18
DA:43,23
DA:44,20
DA:45,15
DA:46,15
DA:47,21
DA:48,14
DA:49,20
DA:50,19
DA:51,14
DA:52,12
DA:53,13
DA:54,7
DA:55,19
DA:56,2
DA:57,4
DA:58,33
DA:59,21
DA:60,23
DA:61,3
DA:63,23
DA:66,3
DA:67,18
DA:68,25
DA:69,24
DA:70,23
DA:71,28
DA:72,4
DA:73,82
DA:74,38
DA:75,23
DA:76,38
DA:77,2
DA:79,75
LF:71
LH:71
end_of_record
TN:
SF:src\tools\crate\shared.ts
FNF:10
FNH:10
DA:2,65
DA:4,66
DA:5,53
DA:6,54
DA:9,37
DA:10,31
DA:11,71
DA:12,32
DA:13,33
DA:14,61
DA:16,31
DA:17,91
DA:19,44
DA:20,41
DA:21,72
DA:22,87
DA:24,9
DA:25,41
DA:26,18
DA:27,34
DA:28,8
DA:29,29
DA:30,7
DA:32,24
DA:33,65
DA:34,4
DA:36,37
DA:37,5
DA:38,28
DA:42,35
DA:43,30
DA:44,33
DA:45,37
DA:46,29
DA:47,27
DA:48,32
DA:49,19
DA:50,42
DA:51,31
DA:52,28
DA:53,2
DA:55,43
DA:56,70
DA:57,12
DA:58,80
DA:59,26
DA:60,3
DA:63,69
DA:64,9
DA:65,64
DA:66,53
DA:67,19
DA:68,27
DA:69,11
DA:73,65
LF:55
LH:55
end_of_record
TN:
SF:src\tools\register.ts
FNF:1
FNH:1
DA:3,65
DA:4,55
DA:5,65
DA:6,55
DA:7,69
DA:8,59
DA:9,67
DA:10,57
DA:11,71
DA:12,61
DA:14,44
DA:15,20
DA:16,22
DA:17,5
DA:18,45
DA:19,45
DA:20,45
DA:21,44
DA:22,3
DA:23,33
DA:24,4
DA:26,20
DA:27,23
DA:28,5
DA:29,46
DA:30,46
DA:31,46
DA:32,45
DA:33,3
DA:34,34
DA:35,4
DA:37,20
DA:38,20
DA:39,5
DA:40,43
DA:41,43
DA:42,40
DA:43,3
DA:44,31
DA:45,4
DA:47,20
DA:48,21
DA:49,5
DA:50,44
DA:51,44
DA:52,41
DA:53,3
DA:54,32
DA:55,4
DA:57,20
DA:58,20
DA:59,5
DA:60,43
DA:61,43
DA:62,43
DA:63,42
DA:64,3
DA:65,24
DA:66,5
DA:69,24
LF:60
LH:60
end_of_record
TN:
SF:src\tools\shared.ts
FNF:4
FNH:4
DA:1,97
DA:4,37
DA:5,14
DA:6,7
DA:7,11
DA:8,16
DA:9,3
DA:10,2
DA:11,2
DA:13,30
DA:14,19
DA:15,10
DA:16,6
DA:17,25
DA:18,18
DA:19,2
DA:21,44
DA:22,28
DA:23,14
DA:24,2
DA:26,35
DA:27,33
DA:28,87
DA:29,2
DA:30,64
DA:31,20
DA:32,2
DA:33,32
DA:34,20
DA:35,2
DA:37,33
DA:40,86
LF:32
LH:32
end_of_record
TN:
SF:src\tools\symbol\docs\handler.ts
FNF:3
FNH:3
DA:2,58
DA:3,86
DA:5,42
DA:8,30
DA:9,12
DA:10,12
DA:11,9
DA:12,46
DA:13,41
DA:14,18
DA:15,84
DA:16,4
DA:18,81
DA:19,19
DA:20,61
DA:24,34
LF:16
LH:16
end_of_record
TN:
SF:src\tools\symbol\docs\schema.ts
FNF:1
FNH:1
DA:1,24
DA:5,41
DA:6,59
DA:7,99
DA:8,14
DA:9,9
DA:10,80
DA:11,60
DA:12,76
DA:13,3
DA:15,25
DA:16,18
DA:17,25
DA:18,24
DA:19,23
DA:20,34
DA:21,4
DA:22,81
DA:23,37
DA:24,20
DA:25,2
DA:27,48
LF:22
LH:22
end_of_record
TN:
SF:src\tools\symbol\lookup\details.ts
FNF:11
FNH:11
DA:2,96
DA:3,44
DA:6,34
DA:7,74
DA:9,41
DA:10,61
DA:12,48
DA:13,26
DA:14,22
DA:15,3
DA:18,37
DA:19,19
DA:20,26
DA:21,23
DA:22,13
DA:23,4
DA:25,39
DA:26,55
DA:27,27
DA:28,13
DA:29,4
DA:31,81
DA:32,2
DA:34,14
DA:37,31
DA:44,3
DA:45,27
DA:46,14
DA:47,37
DA:48,27
DA:49,74
DA:50,1
DA:51,2
DA:53,59
DA:54,88
DA:55,14
DA:56,91
DA:57,27
DA:58,56
DA:59,1
DA:60,2
DA:62,12
DA:63,33
DA:64,25
DA:65,54
DA:66,3
DA:69,45
DA:70,25
DA:71,9
DA:72,2
DA:74,25
DA:75,44
DA:76,2
DA:78,39
DA:81,43
DA:82,20
DA:83,24
DA:84,22
DA:86,26
DA:87,39
DA:88,78
DA:89,13
DA:90,4
DA:92,33
DA:93,23
DA:94,13
DA:95,4
DA:97,38
DA:98,37
DA:99,18
DA:100,19
DA:101,17
DA:102,12
DA:103,8
DA:104,11
DA:105,11
DA:106,29
DA:107,30
DA:108,7
DA:109,64
DA:110,2
DA:112,12
DA:113,15
DA:114,13
DA:115,8
DA:116,3
DA:119,44
DA:120,69
DA:121,6
DA:122,2
DA:124,23
DA:125,21
DA:126,21
DA:127,19
DA:128,23
DA:130,51
DA:131,45
DA:132,57
DA:133,28
DA:134,13
DA:135,4
DA:137,41
DA:138,50
DA:140,25
DA:141,14
DA:142,46
DA:143,10
DA:144,17
DA:145,44
DA:146,10
DA:147,17
DA:148,44
DA:149,10
DA:150,15
DA:151,42
DA:152,10
DA:153,19
DA:154,46
DA:155,5
DA:157,2
DA:159,2
DA:161,12
DA:162,10
DA:163,14
DA:164,12
DA:165,14
DA:166,9
DA:167,3
DA:170,44
DA:171,69
DA:172,6
DA:173,2
DA:175,12
DA:176,65
DA:177,51
DA:178,3
DA:181,42
DA:182,62
DA:183,0
DA:184,2
DA:186,12
DA:187,62
DA:188,49
DA:189,3
DA:192,43
DA:193,37
DA:194,23
DA:195,15
DA:196,42
DA:197,15
DA:198,42
DA:199,13
DA:200,49
DA:202,8
DA:206,28
LF:155
LH:154
end_of_record
TN:
SF:src\tools\symbol\lookup\handler.ts
FNF:4
FNH:4
DA:1,69
DA:3,58
DA:4,92
DA:6,71
DA:7,49
DA:10,20
DA:11,7
DA:12,9
DA:13,3
DA:14,32
DA:15,40
DA:16,16
DA:17,11
DA:18,2
DA:20,12
DA:21,38
DA:22,37
DA:23,39
DA:24,47
DA:25,15
DA:26,50
DA:27,40
DA:28,23
DA:29,37
DA:30,41
DA:31,23
DA:32,67
DA:33,41
DA:34,6
DA:35,28
DA:36,3
DA:39,32
DA:40,12
DA:41,12
DA:42,9
DA:43,46
DA:44,55
DA:45,30
DA:46,84
DA:47,4
DA:49,30
DA:50,19
DA:51,246
DA:52,2
DA:53,19
DA:54,61
DA:58,36
LF:47
LH:47
end_of_record
TN:
SF:src\tools\symbol\lookup\schema.ts
FNF:1
FNH:1
DA:1,24
DA:5,43
DA:6,59
DA:7,99
DA:8,14
DA:9,9
DA:10,80
DA:11,60
DA:12,76
DA:13,3
DA:15,44
DA:16,24
DA:17,38
DA:18,28
DA:19,9
DA:20,12
DA:21,60
DA:22,58
DA:23,55
DA:24,56
DA:25,59
DA:26,57
DA:27,59
DA:28,57
DA:29,56
DA:30,55
DA:31,3
DA:32,13
DA:33,22
DA:34,28
DA:35,25
DA:36,20
DA:37,20
DA:38,19
DA:39,18
DA:40,17
DA:41,13
DA:42,21
DA:43,20
DA:44,17
DA:45,13
DA:46,16
DA:47,14
DA:48,15
DA:49,18
DA:50,23
DA:51,20
DA:52,15
DA:53,15
DA:54,21
DA:55,14
DA:56,20
DA:57,19
DA:58,14
DA:59,12
DA:60,13
DA:61,7
DA:62,22
DA:63,21
DA:64,32
DA:65,35
DA:66,24
DA:67,5
DA:68,19
DA:69,3
DA:71,24
DA:74,3
DA:75,18
DA:76,25
DA:77,24
DA:78,23
DA:79,29
DA:80,4
DA:81,72
DA:82,39
DA:83,24
DA:84,39
DA:85,2
DA:87,78
LF:79
LH:79
end_of_record
TN:
SF:src\tools\symbol\shared.ts
FNF:11
FNH:10
DA:4,95
DA:8,31
DA:9,29
DA:10,28
DA:11,28
DA:12,35
DA:13,36
DA:14,35
DA:16,23
DA:17,29
DA:18,27
DA:19,25
DA:20,25
DA:21,20
DA:22,23
DA:23,15
DA:24,31
DA:25,29
DA:26,17
DA:27,23
DA:28,15
DA:29,21
DA:30,17
DA:31,16
DA:32,19
DA:33,25
DA:34,35
DA:35,29
DA:36,19
DA:37,19
DA:38,31
DA:39,17
DA:40,29
DA:41,21
DA:42,27
DA:43,17
DA:44,13
DA:45,19
DA:46,2
DA:48,41
DA:49,37
DA:50,12
DA:51,2
DA:53,59
DA:54,49
DA:55,12
DA:56,2
DA:57,2
DA:59,13
DA:62,32
DA:63,53
DA:64,46
DA:65,14
DA:66,2
DA:68,91
DA:71,37
DA:72,63
DA:73,44
DA:74,43
DA:75,56
DA:76,73
DA:78,12
DA:79,9
DA:80,9
DA:81,10
DA:82,3
DA:85,35
DA:86,32
DA:87,19
DA:88,26
DA:90,36
DA:91,33
DA:92,28
DA:93,7
DA:94,16
DA:95,13
DA:96,3
DA:97,10
DA:98,26
DA:100,15
DA:101,85
DA:102,39
DA:103,6
DA:104,4
DA:106,21
DA:107,42
DA:108,47
DA:109,19
DA:110,29
DA:111,4
DA:112,5
DA:115,18
DA:116,14
DA:119,74
DA:120,34
DA:121,9
DA:122,2
DA:123,44
DA:124,9
DA:125,2
DA:127,50
DA:129,38
DA:130,91
DA:131,0
DA:132,2
DA:134,38
DA:135,101
DA:136,36
DA:137,2
DA:138,36
DA:139,36
DA:140,2
DA:142,14
DA:145,30
DA:146,68
DA:148,37
DA:149,19
DA:150,43
DA:151,40
DA:160,40
DA:161,25
DA:162,39
DA:164,14
DA:165,11
DA:166,10
DA:167,11
DA:168,31
DA:169,19
DA:170,13
DA:171,13
DA:172,12
DA:173,13
DA:174,11
DA:175,6
DA:176,1
DA:177,2
DA:178,6
DA:179,1
DA:180,14
DA:183,51
DA:184,2
DA:185,11
DA:187,15
DA:188,11
DA:189,2
DA:191,49
DA:192,43
DA:193,12
DA:194,20
DA:195,18
DA:196,20
DA:197,66
DA:198,3
DA:201,50
LF:154
LH:153
end_of_record
